<?xml version="1.0" encoding="UTF-8"?>
<robot generator="Robot 6.0.1 (Python 3.10.4 on win32)" generated="20221120 12:27:18.859" rpa="false" schemaversion="3">
<suite id="s1" name="First-Test-Case.Answer" source="e:\robot-framework-testautomationu\exercise-05\first-test-case.answer.robot">
<test id="s1-t1" name="Check invoice manager page" line="6">
<kw name="Comment" library="BuiltIn">
<arg>Checking that we're on the invoice manager page</arg>
<doc>Displays the given messages in the log file as keyword arguments.</doc>
<status status="PASS" starttime="20221120 12:27:19.416" endtime="20221120 12:27:19.417"/>
</kw>
<kw name="Open Browser" library="SeleniumLibrary">
<arg>http://inv.beaufortfairmont.com</arg>
<arg>chrome</arg>
<doc>Opens a new browser instance to the optional ``url``.</doc>
<msg timestamp="20221120 12:27:19.420" level="INFO">Opening browser 'chrome' to base url 'http://inv.beaufortfairmont.com'.</msg>
<status status="PASS" starttime="20221120 12:27:19.419" endtime="20221120 12:27:21.355"/>
</kw>
<kw name="Page Should Contain" library="SeleniumLibrary">
<arg>Invoice Manager</arg>
<doc>Verifies that current page contains ``text``.</doc>
<msg timestamp="20221120 12:27:26.705" level="INFO">Current page contains text 'Invoice Manager'.</msg>
<status status="PASS" starttime="20221120 12:27:21.356" endtime="20221120 12:27:26.705"/>
</kw>
<status status="PASS" starttime="20221120 12:27:19.413" endtime="20221120 12:27:26.707"/>
</test>
<status status="PASS" starttime="20221120 12:27:18.872" endtime="20221120 12:27:26.709"/>
</suite>
<statistics>
<total>
<stat pass="1" fail="0" skip="0">All Tests</stat>
</total>
<tag>
</tag>
<suite>
<stat pass="1" fail="0" skip="0" id="s1" name="First-Test-Case.Answer">First-Test-Case.Answer</stat>
</suite>
</statistics>
<errors>
</errors>
</robot>
